  main.cpp
c:\users\meirs\onedrive\מסמכים\visual studio 2015\projects\meshcollision\classexample2\display\inputmanager.h(98): warning C4244: 'argument': conversion from 'const float' to 'int', possible loss of data
c:\users\meirs\onedrive\מסמכים\visual studio 2015\projects\meshcollision\classexample2\classexample2\main.cpp(208): warning C4018: '<': signed/unsigned mismatch
MSVCRTD.lib(initializers.obj) : warning LNK4098: defaultlib 'libcmt.lib' conflicts with use of other libs; use /NODEFAULTLIB:library
glew32s.lib(glew.obj) : warning LNK4099: PDB 'vc100.pdb' was not found with 'glew32s.lib(glew.obj)' or at 'C:\Users\meirs\OneDrive\מסמכים\Visual Studio 2015\Projects\meshCollision\ClassExample2\Debug\vc100.pdb'; linking object as if no debug info
glfw3.lib(context.obj) : warning LNK4099: PDB 'glfw.pdb' was not found with 'glfw3.lib(context.obj)' or at 'C:\Users\meirs\OneDrive\מסמכים\Visual Studio 2015\Projects\meshCollision\ClassExample2\Debug\glfw.pdb'; linking object as if no debug info
glfw3.lib(init.obj) : warning LNK4099: PDB 'glfw.pdb' was not found with 'glfw3.lib(init.obj)' or at 'C:\Users\meirs\OneDrive\מסמכים\Visual Studio 2015\Projects\meshCollision\ClassExample2\Debug\glfw.pdb'; linking object as if no debug info
glfw3.lib(input.obj) : warning LNK4099: PDB 'glfw.pdb' was not found with 'glfw3.lib(input.obj)' or at 'C:\Users\meirs\OneDrive\מסמכים\Visual Studio 2015\Projects\meshCollision\ClassExample2\Debug\glfw.pdb'; linking object as if no debug info
glfw3.lib(monitor.obj) : warning LNK4099: PDB 'glfw.pdb' was not found with 'glfw3.lib(monitor.obj)' or at 'C:\Users\meirs\OneDrive\מסמכים\Visual Studio 2015\Projects\meshCollision\ClassExample2\Debug\glfw.pdb'; linking object as if no debug info
glfw3.lib(vulkan.obj) : warning LNK4099: PDB 'glfw.pdb' was not found with 'glfw3.lib(vulkan.obj)' or at 'C:\Users\meirs\OneDrive\מסמכים\Visual Studio 2015\Projects\meshCollision\ClassExample2\Debug\glfw.pdb'; linking object as if no debug info
glfw3.lib(window.obj) : warning LNK4099: PDB 'glfw.pdb' was not found with 'glfw3.lib(window.obj)' or at 'C:\Users\meirs\OneDrive\מסמכים\Visual Studio 2015\Projects\meshCollision\ClassExample2\Debug\glfw.pdb'; linking object as if no debug info
glfw3.lib(win32_init.obj) : warning LNK4099: PDB 'glfw.pdb' was not found with 'glfw3.lib(win32_init.obj)' or at 'C:\Users\meirs\OneDrive\מסמכים\Visual Studio 2015\Projects\meshCollision\ClassExample2\Debug\glfw.pdb'; linking object as if no debug info
glfw3.lib(win32_joystick.obj) : warning LNK4099: PDB 'glfw.pdb' was not found with 'glfw3.lib(win32_joystick.obj)' or at 'C:\Users\meirs\OneDrive\מסמכים\Visual Studio 2015\Projects\meshCollision\ClassExample2\Debug\glfw.pdb'; linking object as if no debug info
glfw3.lib(win32_monitor.obj) : warning LNK4099: PDB 'glfw.pdb' was not found with 'glfw3.lib(win32_monitor.obj)' or at 'C:\Users\meirs\OneDrive\מסמכים\Visual Studio 2015\Projects\meshCollision\ClassExample2\Debug\glfw.pdb'; linking object as if no debug info
glfw3.lib(win32_time.obj) : warning LNK4099: PDB 'glfw.pdb' was not found with 'glfw3.lib(win32_time.obj)' or at 'C:\Users\meirs\OneDrive\מסמכים\Visual Studio 2015\Projects\meshCollision\ClassExample2\Debug\glfw.pdb'; linking object as if no debug info
glfw3.lib(win32_tls.obj) : warning LNK4099: PDB 'glfw.pdb' was not found with 'glfw3.lib(win32_tls.obj)' or at 'C:\Users\meirs\OneDrive\מסמכים\Visual Studio 2015\Projects\meshCollision\ClassExample2\Debug\glfw.pdb'; linking object as if no debug info
glfw3.lib(win32_window.obj) : warning LNK4099: PDB 'glfw.pdb' was not found with 'glfw3.lib(win32_window.obj)' or at 'C:\Users\meirs\OneDrive\מסמכים\Visual Studio 2015\Projects\meshCollision\ClassExample2\Debug\glfw.pdb'; linking object as if no debug info
glfw3.lib(wgl_context.obj) : warning LNK4099: PDB 'glfw.pdb' was not found with 'glfw3.lib(wgl_context.obj)' or at 'C:\Users\meirs\OneDrive\מסמכים\Visual Studio 2015\Projects\meshCollision\ClassExample2\Debug\glfw.pdb'; linking object as if no debug info
glfw3.lib(egl_context.obj) : warning LNK4099: PDB 'glfw.pdb' was not found with 'glfw3.lib(egl_context.obj)' or at 'C:\Users\meirs\OneDrive\מסמכים\Visual Studio 2015\Projects\meshCollision\ClassExample2\Debug\glfw.pdb'; linking object as if no debug info
  ClassExample2.vcxproj -> C:\Users\meirs\OneDrive\מסמכים\Visual Studio 2015\Projects\meshCollision\ClassExample2\Debug\ClassExample2.exe
